Microsoft HTML Help Compiler 4.74.8702

Compiling d:\Учеба\ИС в менеджменте, маркетинге\СПУ\help\help.chm


Compile time: 0 minutes, 2 seconds
8	Topics
48	Local links
0	Internet links
25	Graphics


Created d:\Учеба\ИС в менеджменте, маркетинге\СПУ\help\help.chm, 208,228 bytes
Compression decreased file by 124,849 bytes.
Microsoft HTML Help Compiler 4.74.8702

Compiling d:\Учеба\ИС в менеджменте, маркетинге\СПУ\help\help.chm


Compile time: 0 minutes, 2 seconds
8	Topics
56	Local links
0	Internet links
25	Graphics


Created d:\Учеба\ИС в менеджменте, маркетинге\СПУ\help\help.chm, 208,448 bytes
Compression decreased file by 126,135 bytes.
HHC5010: Error: Cannot open "d:\Учеба\ИС в менеджменте, маркетинге\СПУ\help\help.chm". Compilation stopped.
HHC5010: Error: Cannot open "d:\Учеба\ИС в менеджменте, маркетинге\СПУ\help\help.chm". Compilation stopped.
